
A module that was compiled using NumPy 1.x cannot be run in
NumPy 2.2.6 as it may crash. To support both 1.x and 2.x
versions of NumPy, modules must be compiled with NumPy 2.0.
Some module may need to rebuild instead e.g. with 'pybind11>=2.12'.

If you are a user of the module, the easiest solution will be to
downgrade to 'numpy<2' or try to upgrade the affected module.
We expect that some modules will need time to support NumPy 2.

Traceback (most recent call last):  File "/home/zina.assi/Deep-Learning-project---Hallucination-Detection/create_HD_datasets.py", line 2, in <module>
    import torch
  File "/home/zina.assi/miniconda3/envs/LOS_Net/lib/python3.10/site-packages/torch/__init__.py", line 1471, in <module>
    from .functional import *  # noqa: F403
  File "/home/zina.assi/miniconda3/envs/LOS_Net/lib/python3.10/site-packages/torch/functional.py", line 9, in <module>
    import torch.nn.functional as F
  File "/home/zina.assi/miniconda3/envs/LOS_Net/lib/python3.10/site-packages/torch/nn/__init__.py", line 1, in <module>
    from .modules import *  # noqa: F403
  File "/home/zina.assi/miniconda3/envs/LOS_Net/lib/python3.10/site-packages/torch/nn/modules/__init__.py", line 35, in <module>
    from .transformer import TransformerEncoder, TransformerDecoder, \
  File "/home/zina.assi/miniconda3/envs/LOS_Net/lib/python3.10/site-packages/torch/nn/modules/transformer.py", line 20, in <module>
    device: torch.device = torch.device(torch._C._get_default_device()),  # torch.device('cpu'),
/home/zina.assi/miniconda3/envs/LOS_Net/lib/python3.10/site-packages/torch/nn/modules/transformer.py:20: UserWarning: Failed to initialize NumPy: _ARRAY_API not found (Triggered internally at ../torch/csrc/utils/tensor_numpy.cpp:84.)
  device: torch.device = torch.device(torch._C._get_default_device()),  # torch.device('cpu'),
Traceback (most recent call last):
  File "/home/zina.assi/Deep-Learning-project---Hallucination-Detection/create_HD_datasets.py", line 4, in <module>
    from transformers import set_seed
  File "/home/zina.assi/miniconda3/envs/LOS_Net/lib/python3.10/site-packages/transformers/__init__.py", line 26, in <module>
    from . import dependency_versions_check
  File "/home/zina.assi/miniconda3/envs/LOS_Net/lib/python3.10/site-packages/transformers/dependency_versions_check.py", line 57, in <module>
    require_version_core(deps[pkg])
  File "/home/zina.assi/miniconda3/envs/LOS_Net/lib/python3.10/site-packages/transformers/utils/versions.py", line 117, in require_version_core
    return require_version(requirement, hint)
  File "/home/zina.assi/miniconda3/envs/LOS_Net/lib/python3.10/site-packages/transformers/utils/versions.py", line 111, in require_version
    _compare_versions(op, got_ver, want_ver, requirement, pkg, hint)
  File "/home/zina.assi/miniconda3/envs/LOS_Net/lib/python3.10/site-packages/transformers/utils/versions.py", line 44, in _compare_versions
    raise ImportError(
ImportError: numpy>=1.17,<2.0 is required for a normal functioning of this module, but found numpy==2.2.6.
Try: `pip install transformers -U` or `pip install -e '.[dev]'` if you're working with git main
